random state = 42
Training started:

Epoch 1/100
Learning rate: 0.000100
Training time - 135s - loss 0.1928
Validation:
42s - loss 0.0276

Epoch 2/100
Learning rate: 0.000100
Training time - 124s - loss 0.0226
Validation:
42s - loss 0.0079

Epoch 3/100
Learning rate: 0.000100
Training time - 124s - loss 0.0112
Validation:
42s - loss 0.0045

Epoch 4/100
Learning rate: 0.000100
Training time - 124s - loss 0.0079
Validation:
42s - loss 0.0034

Epoch 5/100
Learning rate: 0.000100
Training time - 124s - loss 0.0064
Validation:
42s - loss 0.0029

Epoch 6/100
Learning rate: 0.000100
Training time - 124s - loss 0.0055
Validation:
42s - loss 0.0026

Epoch 7/100
Learning rate: 0.000100
Training time - 124s - loss 0.0049
Validation:
42s - loss 0.0023

Epoch 8/100
Learning rate: 0.000100
Training time - 124s - loss 0.0044
Validation:
42s - loss 0.0022

Epoch 9/100
Learning rate: 0.000100
Training time - 123s - loss 0.0040
Validation:
42s - loss 0.0021

Epoch 10/100
Learning rate: 0.000100
Training time - 123s - loss 0.0038
Validation:
42s - loss 0.0019

Epoch 11/100
Learning rate: 0.000100
Training time - 123s - loss 0.0035
Validation:
42s - loss 0.0019

Epoch 12/100
Learning rate: 0.000100
Training time - 123s - loss 0.0034
Validation:
42s - loss 0.0018

Epoch 13/100
Learning rate: 0.000100
Training time - 123s - loss 0.0032
Validation:
42s - loss 0.0017

Epoch 14/100
Learning rate: 0.000100
Training time - 122s - loss 0.0031
Validation:
42s - loss 0.0017

Epoch 15/100
Learning rate: 0.000100
Training time - 123s - loss 0.0029
Validation:
42s - loss 0.0016

Epoch 16/100
Learning rate: 0.000100
Training time - 123s - loss 0.0028
Validation:
42s - loss 0.0016

Epoch 17/100
Learning rate: 0.000100
Training time - 123s - loss 0.0027
Validation:
42s - loss 0.0016

Epoch 18/100
Learning rate: 0.000100
Training time - 123s - loss 0.0027
Validation:
42s - loss 0.0015

Epoch 19/100
Learning rate: 0.000100
Training time - 123s - loss 0.0026
Validation:
42s - loss 0.0015

Epoch 20/100
Learning rate: 0.000100
Training time - 123s - loss 0.0025
Validation:
42s - loss 0.0015

Epoch 21/100
Learning rate: 0.000100
Training time - 119s - loss 0.0025
Validation:
41s - loss 0.0014

Epoch 22/100
Learning rate: 0.000100
Training time - 119s - loss 0.0024
Validation:
41s - loss 0.0014

Epoch 23/100
Learning rate: 0.000100
Training time - 119s - loss 0.0023
Validation:
41s - loss 0.0014

Epoch 24/100
Learning rate: 0.000100
Training time - 119s - loss 0.0023
Validation:
41s - loss 0.0014

Epoch 25/100
Learning rate: 0.000100
Training time - 119s - loss 0.0023
Validation:
41s - loss 0.0014

Epoch 26/100
Learning rate: 0.000100
Training time - 119s - loss 0.0022
Validation:
41s - loss 0.0013

Epoch 27/100
Learning rate: 0.000100
Training time - 119s - loss 0.0022
Validation:
41s - loss 0.0013

Epoch 28/100
Learning rate: 0.000100
Training time - 120s - loss 0.0021
Validation:
41s - loss 0.0013

Epoch 29/100
Learning rate: 0.000100
Training time - 120s - loss 0.0021
Validation:
42s - loss 0.0013

Epoch 30/100
Learning rate: 0.000100
Training time - 120s - loss 0.0021
Validation:
41s - loss 0.0013

Epoch 31/100
Learning rate: 0.000100
Training time - 120s - loss 0.0021
Validation:
41s - loss 0.0013

Epoch 32/100
Learning rate: 0.000100
Training time - 120s - loss 0.0020
Validation:
42s - loss 0.0013

Epoch 33/100
Learning rate: 0.000100
Training time - 120s - loss 0.0020
Validation:
41s - loss 0.0013

Epoch 34/100
Learning rate: 0.000100
Training time - 120s - loss 0.0020
Validation:
42s - loss 0.0013

Epoch 35/100
Learning rate: 0.000100
Training time - 120s - loss 0.0020
Validation:
41s - loss 0.0012

Epoch 36/100
Learning rate: 0.000100
Training time - 119s - loss 0.0019
Validation:
41s - loss 0.0012

Epoch 37/100
Learning rate: 0.000100
Training time - 118s - loss 0.0019
Validation:
41s - loss 0.0012

Epoch 38/100
Learning rate: 0.000100
Training time - 118s - loss 0.0019
Validation:
41s - loss 0.0012

Epoch 39/100
Learning rate: 0.000100
Training time - 119s - loss 0.0019
Validation:
41s - loss 0.0012

Epoch 40/100
Learning rate: 0.000100
Training time - 119s - loss 0.0019
Validation:
41s - loss 0.0012

Epoch 41/100
Learning rate: 0.000100
Training time - 118s - loss 0.0018
Validation:
41s - loss 0.0012

Epoch 42/100
Learning rate: 0.000100
Training time - 119s - loss 0.0018
Validation:
41s - loss 0.0012

Epoch 43/100
Learning rate: 0.000100
Training time - 119s - loss 0.0018
Validation:
41s - loss 0.0012

Epoch 44/100
Learning rate: 0.000100
Training time - 119s - loss 0.0018
Validation:
41s - loss 0.0012

Epoch 45/100
Learning rate: 0.000100
Training time - 119s - loss 0.0018
Validation:
41s - loss 0.0012

Epoch 46/100
Learning rate: 0.000100
Training time - 119s - loss 0.0018
Validation:
41s - loss 0.0012

Epoch 47/100
Learning rate: 0.000100
Training time - 119s - loss 0.0018
Validation:
41s - loss 0.0012

Epoch 48/100
Learning rate: 0.000100
Training time - 119s - loss 0.0017
Validation:
41s - loss 0.0012

Epoch 49/100
Learning rate: 0.000100
Training time - 119s - loss 0.0017
Validation:
41s - loss 0.0012

Epoch 50/100
Learning rate: 0.000100
Training time - 119s - loss 0.0017
Validation:
41s - loss 0.0012

Epoch 51/100
Learning rate: 0.000100
Training time - 119s - loss 0.0017
Validation:
41s - loss 0.0012

Epoch 52/100
Learning rate: 0.000100
Training time - 119s - loss 0.0017
Validation:
41s - loss 0.0012

Epoch 53/100
Learning rate: 0.000100
Training time - 119s - loss 0.0017
Validation:
41s - loss 0.0012

Epoch 54/100
Learning rate: 0.000100
Training time - 119s - loss 0.0017
Validation:
41s - loss 0.0011

Epoch 55/100
Learning rate: 0.000100
Training time - 119s - loss 0.0017
Validation:
41s - loss 0.0011

Epoch 56/100
Learning rate: 0.000100
Training time - 119s - loss 0.0017
Validation:
41s - loss 0.0011

Epoch 57/100
Learning rate: 0.000100
Training time - 119s - loss 0.0017
Validation:
41s - loss 0.0011

Epoch 58/100
Learning rate: 0.000100
Training time - 119s - loss 0.0016
Validation:
41s - loss 0.0011

Epoch 59/100
Learning rate: 0.000100
Training time - 119s - loss 0.0016
Validation:
41s - loss 0.0011

Epoch 60/100
Learning rate: 0.000100
Training time - 119s - loss 0.0016
Validation:
41s - loss 0.0011

Epoch 61/100
Learning rate: 0.000100
Training time - 119s - loss 0.0016
Validation:
41s - loss 0.0011

Epoch 62/100
Learning rate: 0.000100
Training time - 119s - loss 0.0016
Validation:
41s - loss 0.0011

Epoch 63/100
Learning rate: 0.000100
Training time - 119s - loss 0.0016
Validation:
41s - loss 0.0011

Epoch 64/100
Learning rate: 0.000100
Training time - 119s - loss 0.0016
Validation:
41s - loss 0.0011

Epoch 65/100
Learning rate: 0.000100
Training time - 121s - loss 0.0016
Validation:
41s - loss 0.0011

Epoch 66/100
Learning rate: 0.000100
Training time - 121s - loss 0.0016
Validation:
41s - loss 0.0011

Epoch 67/100
Learning rate: 0.000100
Training time - 118s - loss 0.0016
Validation:
41s - loss 0.0011

Epoch 68/100
Learning rate: 0.000100
Training time - 124s - loss 0.0016
Validation:
41s - loss 0.0011

Epoch 69/100
Learning rate: 0.000100
Training time - 124s - loss 0.0016
Validation:
41s - loss 0.0011

Epoch 70/100
Learning rate: 0.000100
Training time - 119s - loss 0.0016
Validation:
41s - loss 0.0011

Epoch 71/100
Learning rate: 0.000100
Training time - 120s - loss 0.0015
Validation:
41s - loss 0.0011

Epoch 72/100
Learning rate: 0.000100
Training time - 123s - loss 0.0015
Validation:
41s - loss 0.0011

Epoch 73/100
Learning rate: 0.000100
Training time - 119s - loss 0.0015
Validation:
41s - loss 0.0011

Epoch 74/100
Learning rate: 0.000100
Training time - 126s - loss 0.0015
Validation:
41s - loss 0.0011

Epoch 75/100
Learning rate: 0.000100
Training time - 120s - loss 0.0015
Validation:
41s - loss 0.0011

Epoch 76/100
Learning rate: 0.000100
Training time - 120s - loss 0.0015
Validation:
41s - loss 0.0011

Epoch 77/100
Learning rate: 0.000100
Training time - 120s - loss 0.0015
Validation:
41s - loss 0.0011

Epoch 78/100
Learning rate: 0.000100
Training time - 119s - loss 0.0015
Validation:
41s - loss 0.0011

Epoch 79/100
Learning rate: 0.000100
Training time - 119s - loss 0.0015
Validation:
41s - loss 0.0011

Epoch 80/100
Learning rate: 0.000100
Training time - 118s - loss 0.0015
Validation:
41s - loss 0.0011

Epoch 81/100
Learning rate: 0.000100
Training time - 119s - loss 0.0015
Validation:
41s - loss 0.0011

Epoch 82/100
Learning rate: 0.000100
Training time - 118s - loss 0.0015
Validation:
41s - loss 0.0011

Epoch 83/100
Learning rate: 0.000100
Training time - 118s - loss 0.0015
Validation:
41s - loss 0.0011

Epoch 84/100
Learning rate: 0.000100
Training time - 118s - loss 0.0015
Validation:
41s - loss 0.0011

Epoch 85/100
Learning rate: 0.000100
Training time - 118s - loss 0.0015
Validation:
41s - loss 0.0011

Epoch 86/100
Learning rate: 0.000100
Training time - 118s - loss 0.0015
Validation:
41s - loss 0.0011

Epoch 87/100
Learning rate: 0.000100
Training time - 118s - loss 0.0015
Validation:
41s - loss 0.0011

Epoch 88/100
Learning rate: 0.000100
Training time - 118s - loss 0.0015
Validation:
41s - loss 0.0011

Epoch 89/100
Learning rate: 0.000100
Training time - 118s - loss 0.0015
Validation:
42s - loss 0.0011

Epoch 90/100
Learning rate: 0.000100
Training time - 119s - loss 0.0015
Validation:
41s - loss 0.0011

Epoch 91/100
Learning rate: 0.000100
Training time - 118s - loss 0.0015
Validation:
41s - loss 0.0011

Epoch 92/100
Learning rate: 0.000100
Training time - 118s - loss 0.0014
Validation:
41s - loss 0.0011

Epoch 93/100
Learning rate: 0.000100
Training time - 118s - loss 0.0014
Validation:
41s - loss 0.0011

Epoch 94/100
Learning rate: 0.000100
Training time - 118s - loss 0.0014
Validation:
41s - loss 0.0011

Epoch 95/100
Learning rate: 0.000100
Training time - 120s - loss 0.0014
Validation:
41s - loss 0.0011

Epoch 96/100
Learning rate: 0.000100
Training time - 119s - loss 0.0014
Validation:
41s - loss 0.0011

Epoch 97/100
Learning rate: 0.000100
Training time - 119s - loss 0.0014
Validation:
41s - loss 0.0011

Epoch 98/100
Learning rate: 0.000100
Training time - 119s - loss 0.0014
Validation:
41s - loss 0.0011

Epoch 99/100
Learning rate: 0.000100
Training time - 119s - loss 0.0014
Validation:
41s - loss 0.0011

Epoch 100/100
Learning rate: 0.000100
Training time - 119s - loss 0.0014
Validation:
41s - loss 0.0011

Training completed.
RMSE (ICKy) = 0.0329
NLL (ICKy) = -2.0218
random state = 43
Training started:

Epoch 1/100
Learning rate: 0.000100
Training time - 119s - loss 0.1885
Validation:
41s - loss 0.0251

Epoch 2/100
Learning rate: 0.000100
Training time - 120s - loss 0.0202
Validation:
41s - loss 0.0077

Epoch 3/100
Learning rate: 0.000100
Training time - 119s - loss 0.0101
Validation:
41s - loss 0.0045

Epoch 4/100
Learning rate: 0.000100
Training time - 119s - loss 0.0071
Validation:
41s - loss 0.0033

Epoch 5/100
Learning rate: 0.000100
Training time - 119s - loss 0.0057
Validation:
41s - loss 0.0028

Epoch 6/100
Learning rate: 0.000100
Training time - 119s - loss 0.0049
Validation:
41s - loss 0.0025

Epoch 7/100
Learning rate: 0.000100
Training time - 120s - loss 0.0044
Validation:
41s - loss 0.0022

Epoch 8/100
Learning rate: 0.000100
Training time - 120s - loss 0.0040
Validation:
41s - loss 0.0021

Epoch 9/100
Learning rate: 0.000100
Training time - 120s - loss 0.0037
Validation:
41s - loss 0.0020

Epoch 10/100
Learning rate: 0.000100
Training time - 119s - loss 0.0035
Validation:
41s - loss 0.0019

Epoch 11/100
Learning rate: 0.000100
Training time - 120s - loss 0.0033
Validation:
41s - loss 0.0018

Epoch 12/100
Learning rate: 0.000100
Training time - 119s - loss 0.0031
Validation:
41s - loss 0.0017

Epoch 13/100
Learning rate: 0.000100
Training time - 123s - loss 0.0030
Validation:
41s - loss 0.0017

Epoch 14/100
Learning rate: 0.000100
Training time - 118s - loss 0.0028
Validation:
41s - loss 0.0016

Epoch 15/100
Learning rate: 0.000100
Training time - 118s - loss 0.0027
Validation:
41s - loss 0.0016

Epoch 16/100
Learning rate: 0.000100
Training time - 130s - loss 0.0026
Validation:
41s - loss 0.0015

Epoch 17/100
Learning rate: 0.000100
Training time - 121s - loss 0.0026
Validation:
41s - loss 0.0015

Epoch 18/100
Learning rate: 0.000100
Training time - 123s - loss 0.0025
Validation:
41s - loss 0.0015

Epoch 19/100
Learning rate: 0.000100
Training time - 119s - loss 0.0024
Validation:
41s - loss 0.0015

Epoch 20/100
Learning rate: 0.000100
Training time - 133s - loss 0.0024
Validation:
41s - loss 0.0014

Epoch 21/100
Learning rate: 0.000100
Training time - 120s - loss 0.0023
Validation:
41s - loss 0.0014

Epoch 22/100
Learning rate: 0.000100
Training time - 121s - loss 0.0023
Validation:
41s - loss 0.0014

Epoch 23/100
Learning rate: 0.000100
Training time - 118s - loss 0.0022
Validation:
41s - loss 0.0014

Epoch 24/100
Learning rate: 0.000100
Training time - 118s - loss 0.0022
Validation:
41s - loss 0.0013

Epoch 25/100
Learning rate: 0.000100
Training time - 120s - loss 0.0021
Validation:
41s - loss 0.0013

Epoch 26/100
Learning rate: 0.000100
Training time - 120s - loss 0.0021
Validation:
41s - loss 0.0013

Epoch 27/100
Learning rate: 0.000100
Training time - 122s - loss 0.0021
Validation:
41s - loss 0.0013

Epoch 28/100
Learning rate: 0.000100
Training time - 120s - loss 0.0020
Validation:
41s - loss 0.0013

Epoch 29/100
Learning rate: 0.000100
Training time - 121s - loss 0.0020
Validation:
41s - loss 0.0013

Epoch 30/100
Learning rate: 0.000100
Training time - 119s - loss 0.0020
Validation:
41s - loss 0.0013

Epoch 31/100
Learning rate: 0.000100
Training time - 119s - loss 0.0019
Validation:
41s - loss 0.0013

Epoch 32/100
Learning rate: 0.000100
Training time - 119s - loss 0.0019
Validation:
41s - loss 0.0013

Epoch 33/100
Learning rate: 0.000100
Training time - 121s - loss 0.0019
Validation:
41s - loss 0.0012

Epoch 34/100
Learning rate: 0.000100
Training time - 130s - loss 0.0019
Validation:
41s - loss 0.0012

Epoch 35/100
Learning rate: 0.000100
Training time - 119s - loss 0.0018
Validation:
41s - loss 0.0012

Epoch 36/100
Learning rate: 0.000100
Training time - 121s - loss 0.0018
Validation:
42s - loss 0.0012

Epoch 37/100
Learning rate: 0.000100
Training time - 120s - loss 0.0018
Validation:
42s - loss 0.0012

Epoch 38/100
Learning rate: 0.000100
Training time - 123s - loss 0.0018
Validation:
42s - loss 0.0012

Epoch 39/100
Learning rate: 0.000100
Training time - 120s - loss 0.0018
Validation:
41s - loss 0.0012

Epoch 40/100
Learning rate: 0.000100
Training time - 120s - loss 0.0018
Validation:
41s - loss 0.0012

Epoch 41/100
Learning rate: 0.000100
Training time - 123s - loss 0.0017
Validation:
41s - loss 0.0012

Epoch 42/100
Learning rate: 0.000100
Training time - 119s - loss 0.0017
Validation:
41s - loss 0.0012

Epoch 43/100
Learning rate: 0.000100
Training time - 131s - loss 0.0017
Validation:
41s - loss 0.0012

Epoch 44/100
Learning rate: 0.000100
Training time - 119s - loss 0.0017
Validation:
41s - loss 0.0012

Epoch 45/100
Learning rate: 0.000100
Training time - 124s - loss 0.0017
Validation:
41s - loss 0.0012

Epoch 46/100
Learning rate: 0.000100
Training time - 119s - loss 0.0017
Validation:
41s - loss 0.0012

Epoch 47/100
Learning rate: 0.000100
Training time - 119s - loss 0.0017
Validation:
41s - loss 0.0012

Epoch 48/100
Learning rate: 0.000100
Training time - 119s - loss 0.0017
Validation:
41s - loss 0.0012

Epoch 49/100
Learning rate: 0.000100
Training time - 121s - loss 0.0016
Validation:
41s - loss 0.0012

Epoch 50/100
Learning rate: 0.000100
Training time - 118s - loss 0.0016
Validation:
41s - loss 0.0012

Epoch 51/100
Learning rate: 0.000100
Training time - 118s - loss 0.0016
Validation:
41s - loss 0.0012

Epoch 52/100
Learning rate: 0.000100
Training time - 118s - loss 0.0016
Validation:
41s - loss 0.0011

Epoch 53/100
Learning rate: 0.000100
Training time - 118s - loss 0.0016
Validation:
41s - loss 0.0011

Epoch 54/100
Learning rate: 0.000100
Training time - 118s - loss 0.0016
Validation:
41s - loss 0.0011

Epoch 55/100
Learning rate: 0.000100
Training time - 118s - loss 0.0016
Validation:
41s - loss 0.0011

Epoch 56/100
Learning rate: 0.000100
Training time - 118s - loss 0.0016
Validation:
41s - loss 0.0011

Epoch 57/100
Learning rate: 0.000100
Training time - 118s - loss 0.0016
Validation:
41s - loss 0.0011

Epoch 58/100
Learning rate: 0.000100
Training time - 118s - loss 0.0016
Validation:
41s - loss 0.0011

Epoch 59/100
Learning rate: 0.000100
Training time - 118s - loss 0.0016
Validation:
41s - loss 0.0011

Epoch 60/100
Learning rate: 0.000100
Training time - 118s - loss 0.0016
Validation:
41s - loss 0.0011

Epoch 61/100
Learning rate: 0.000100
Training time - 118s - loss 0.0015
Validation:
41s - loss 0.0011

Epoch 62/100
Learning rate: 0.000100
Training time - 118s - loss 0.0015
Validation:
41s - loss 0.0011

Epoch 63/100
Learning rate: 0.000100
Training time - 118s - loss 0.0015
Validation:
41s - loss 0.0011

Epoch 64/100
Learning rate: 0.000100
Training time - 118s - loss 0.0015
Validation:
41s - loss 0.0011

Epoch 65/100
Learning rate: 0.000100
Training time - 118s - loss 0.0015
Validation:
41s - loss 0.0011

Epoch 66/100
Learning rate: 0.000100
Training time - 118s - loss 0.0015
Validation:
41s - loss 0.0011

Epoch 67/100
Learning rate: 0.000100
Training time - 118s - loss 0.0015
Validation:
41s - loss 0.0011

Epoch 68/100
Learning rate: 0.000100
Training time - 118s - loss 0.0015
Validation:
41s - loss 0.0011

Epoch 69/100
Learning rate: 0.000100
Training time - 118s - loss 0.0015
Validation:
41s - loss 0.0011

Epoch 70/100
Learning rate: 0.000100
Training time - 118s - loss 0.0015
Validation:
41s - loss 0.0011

Epoch 71/100
Learning rate: 0.000100
Training time - 118s - loss 0.0015
Validation:
41s - loss 0.0011

Epoch 72/100
Learning rate: 0.000100
Training time - 118s - loss 0.0015
Validation:
41s - loss 0.0011

Epoch 73/100
Learning rate: 0.000100
Training time - 118s - loss 0.0015
Validation:
41s - loss 0.0011

Epoch 74/100
Learning rate: 0.000100
Training time - 118s - loss 0.0015
Validation:
41s - loss 0.0011

Epoch 75/100
Learning rate: 0.000100
Training time - 118s - loss 0.0015
Validation:
41s - loss 0.0011

Epoch 76/100
Learning rate: 0.000100
Training time - 119s - loss 0.0015
Validation:
41s - loss 0.0011

Epoch 77/100
Learning rate: 0.000100
Training time - 120s - loss 0.0015
Validation:
42s - loss 0.0011

Epoch 78/100
Learning rate: 0.000100
Training time - 120s - loss 0.0014
Validation:
41s - loss 0.0011

Epoch 79/100
Learning rate: 0.000100
Training time - 120s - loss 0.0014
Validation:
41s - loss 0.0011

Epoch 80/100
Learning rate: 0.000100
Training time - 120s - loss 0.0014
Validation:
41s - loss 0.0011

Epoch 81/100
Learning rate: 0.000100
Training time - 120s - loss 0.0014
Validation:
42s - loss 0.0011

Epoch 82/100
Learning rate: 0.000100
Training time - 120s - loss 0.0014
Validation:
41s - loss 0.0011

Epoch 83/100
Learning rate: 0.000100
Training time - 119s - loss 0.0014
Validation:
41s - loss 0.0011

Epoch 84/100
Learning rate: 0.000100
Training time - 119s - loss 0.0014
Validation:
41s - loss 0.0011

Epoch 85/100
Learning rate: 0.000100
Training time - 119s - loss 0.0014
Validation:
41s - loss 0.0011

Epoch 86/100
Learning rate: 0.000100
Training time - 119s - loss 0.0014
Validation:
41s - loss 0.0011

Epoch 87/100
Learning rate: 0.000100
Training time - 119s - loss 0.0014
Validation:
41s - loss 0.0011

Epoch 88/100
Learning rate: 0.000100
Training time - 119s - loss 0.0014
Validation:
41s - loss 0.0011

Epoch 89/100
Learning rate: 0.000100
Training time - 123s - loss 0.0014
Validation:
41s - loss 0.0011

Epoch 90/100
Learning rate: 0.000100
Training time - 119s - loss 0.0014
Validation:
41s - loss 0.0011

Epoch 91/100
Learning rate: 0.000100
Training time - 120s - loss 0.0014
Validation:
41s - loss 0.0011

Epoch 92/100
Learning rate: 0.000100
Training time - 120s - loss 0.0014
Validation:
41s - loss 0.0011

Epoch 93/100
Learning rate: 0.000100
Training time - 120s - loss 0.0014
Validation:
41s - loss 0.0011

Epoch 94/100
Learning rate: 0.000100
Training time - 120s - loss 0.0014
Validation:
41s - loss 0.0011

Epoch 95/100
Learning rate: 0.000100
Training time - 120s - loss 0.0014
Validation:
41s - loss 0.0011

Epoch 96/100
Learning rate: 0.000100
Training time - 119s - loss 0.0014
Validation:
41s - loss 0.0011

Epoch 97/100
Learning rate: 0.000100
Training time - 119s - loss 0.0014
Validation:
41s - loss 0.0011

Epoch 98/100
Learning rate: 0.000100
Training time - 119s - loss 0.0014
Validation:
41s - loss 0.0011

Epoch 99/100
Learning rate: 0.000100
Training time - 121s - loss 0.0014
Validation:
41s - loss 0.0011

Epoch 100/100
Learning rate: 0.000100
Training time - 119s - loss 0.0014
Validation:
41s - loss 0.0011

Training completed.
RMSE (ICKy) = 0.0326
NLL (ICKy) = -1.9150
random state = 44
Training started:

Epoch 1/100
Learning rate: 0.000100
Training time - 132s - loss 0.1687
Validation:
40s - loss 0.0227

Epoch 2/100
Learning rate: 0.000100
Training time - 121s - loss 0.0195
Validation:
40s - loss 0.0068

Epoch 3/100
Learning rate: 0.000100
Training time - 117s - loss 0.0100
Validation:
40s - loss 0.0041

Epoch 4/100
Learning rate: 0.000100
Training time - 117s - loss 0.0073
Validation:
40s - loss 0.0032

Epoch 5/100
Learning rate: 0.000100
Training time - 117s - loss 0.0060
Validation:
40s - loss 0.0027

Epoch 6/100
Learning rate: 0.000100
Training time - 118s - loss 0.0052
Validation:
40s - loss 0.0024

Epoch 7/100
Learning rate: 0.000100
Training time - 119s - loss 0.0046
Validation:
40s - loss 0.0022

Epoch 8/100
Learning rate: 0.000100
Training time - 118s - loss 0.0042
Validation:
40s - loss 0.0021

Epoch 9/100
Learning rate: 0.000100
Training time - 116s - loss 0.0039
Validation:
40s - loss 0.0020

Epoch 10/100
Learning rate: 0.000100
Training time - 116s - loss 0.0036
Validation:
40s - loss 0.0019

Epoch 11/100
Learning rate: 0.000100
Training time - 116s - loss 0.0034
Validation:
40s - loss 0.0018

Epoch 12/100
Learning rate: 0.000100
Training time - 116s - loss 0.0032
Validation:
40s - loss 0.0018

Epoch 13/100
Learning rate: 0.000100
Training time - 116s - loss 0.0031
Validation:
40s - loss 0.0017

Epoch 14/100
Learning rate: 0.000100
Training time - 116s - loss 0.0030
Validation:
40s - loss 0.0017

Epoch 15/100
Learning rate: 0.000100
Training time - 116s - loss 0.0029
Validation:
40s - loss 0.0016

Epoch 16/100
Learning rate: 0.000100
Training time - 116s - loss 0.0028
Validation:
40s - loss 0.0016

Epoch 17/100
Learning rate: 0.000100
Training time - 116s - loss 0.0027
Validation:
40s - loss 0.0015

Epoch 18/100
Learning rate: 0.000100
Training time - 116s - loss 0.0026
Validation:
40s - loss 0.0015

Epoch 19/100
Learning rate: 0.000100
Training time - 117s - loss 0.0025
Validation:
40s - loss 0.0015

Epoch 20/100
Learning rate: 0.000100
Training time - 116s - loss 0.0025
Validation:
40s - loss 0.0015

Epoch 21/100
Learning rate: 0.000100
Training time - 116s - loss 0.0024
Validation:
40s - loss 0.0014

Epoch 22/100
Learning rate: 0.000100
Training time - 116s - loss 0.0023
Validation:
40s - loss 0.0014

Epoch 23/100
Learning rate: 0.000100
Training time - 117s - loss 0.0023
Validation:
40s - loss 0.0014

Epoch 24/100
Learning rate: 0.000100
Training time - 116s - loss 0.0023
Validation:
40s - loss 0.0014

Epoch 25/100
Learning rate: 0.000100
Training time - 117s - loss 0.0022
Validation:
40s - loss 0.0014

Epoch 26/100
Learning rate: 0.000100
Training time - 117s - loss 0.0022
Validation:
40s - loss 0.0013

Epoch 27/100
Learning rate: 0.000100
Training time - 116s - loss 0.0021
Validation:
40s - loss 0.0013

Epoch 28/100
Learning rate: 0.000100
Training time - 116s - loss 0.0021
Validation:
40s - loss 0.0013

Epoch 29/100
Learning rate: 0.000100
Training time - 116s - loss 0.0021
Validation:
40s - loss 0.0013

Epoch 30/100
Learning rate: 0.000100
Training time - 116s - loss 0.0020
Validation:
40s - loss 0.0013

Epoch 31/100
Learning rate: 0.000100
Training time - 116s - loss 0.0020
Validation:
40s - loss 0.0013

Epoch 32/100
Learning rate: 0.000100
Training time - 116s - loss 0.0020
Validation:
40s - loss 0.0013

Epoch 33/100
Learning rate: 0.000100
Training time - 116s - loss 0.0020
Validation:
40s - loss 0.0013

Epoch 34/100
Learning rate: 0.000100
Training time - 116s - loss 0.0019
Validation:
40s - loss 0.0013

Epoch 35/100
Learning rate: 0.000100
Training time - 116s - loss 0.0019
Validation:
40s - loss 0.0012

Epoch 36/100
Learning rate: 0.000100
Training time - 116s - loss 0.0019
Validation:
40s - loss 0.0012

Epoch 37/100
Learning rate: 0.000100
Training time - 116s - loss 0.0019
Validation:
40s - loss 0.0012

Epoch 38/100
Learning rate: 0.000100
Training time - 116s - loss 0.0019
Validation:
40s - loss 0.0012

Epoch 39/100
Learning rate: 0.000100
Training time - 116s - loss 0.0018
Validation:
40s - loss 0.0012

Epoch 40/100
Learning rate: 0.000100
Training time - 116s - loss 0.0018
Validation:
40s - loss 0.0012

Epoch 41/100
Learning rate: 0.000100
Training time - 116s - loss 0.0018
Validation:
40s - loss 0.0012

Epoch 42/100
Learning rate: 0.000100
Training time - 116s - loss 0.0018
Validation:
40s - loss 0.0012

Epoch 43/100
Learning rate: 0.000100
Training time - 116s - loss 0.0018
Validation:
40s - loss 0.0012

Epoch 44/100
Learning rate: 0.000100
Training time - 116s - loss 0.0018
Validation:
40s - loss 0.0012

Epoch 45/100
Learning rate: 0.000100
Training time - 116s - loss 0.0017
Validation:
40s - loss 0.0012

Epoch 46/100
Learning rate: 0.000100
Training time - 117s - loss 0.0017
Validation:
40s - loss 0.0012

Epoch 47/100
Learning rate: 0.000100
Training time - 117s - loss 0.0017
Validation:
40s - loss 0.0012

Epoch 48/100
Learning rate: 0.000100
Training time - 117s - loss 0.0017
Validation:
40s - loss 0.0012

Epoch 49/100
Learning rate: 0.000100
Training time - 117s - loss 0.0017
Validation:
40s - loss 0.0012

Epoch 50/100
Learning rate: 0.000100
Training time - 117s - loss 0.0017
Validation:
40s - loss 0.0012

Epoch 51/100
Learning rate: 0.000100
Training time - 117s - loss 0.0017
Validation:
40s - loss 0.0012

Epoch 52/100
Learning rate: 0.000100
Training time - 116s - loss 0.0017
Validation:
40s - loss 0.0012

Epoch 53/100
Learning rate: 0.000100
Training time - 116s - loss 0.0016
Validation:
40s - loss 0.0012

Epoch 54/100
Learning rate: 0.000100
Training time - 116s - loss 0.0016
Validation:
40s - loss 0.0011

Epoch 55/100
Learning rate: 0.000100
Training time - 116s - loss 0.0016
Validation:
40s - loss 0.0011

Epoch 56/100
Learning rate: 0.000100
Training time - 116s - loss 0.0016
Validation:
40s - loss 0.0011

Epoch 57/100
Learning rate: 0.000100
Training time - 116s - loss 0.0016
Validation:
40s - loss 0.0011

Epoch 58/100
Learning rate: 0.000100
Training time - 116s - loss 0.0016
Validation:
40s - loss 0.0011

Epoch 59/100
Learning rate: 0.000100
Training time - 116s - loss 0.0016
Validation:
40s - loss 0.0011

Epoch 60/100
Learning rate: 0.000100
Training time - 116s - loss 0.0016
Validation:
40s - loss 0.0011

Epoch 61/100
Learning rate: 0.000100
Training time - 117s - loss 0.0016
Validation:
40s - loss 0.0011

Epoch 62/100
Learning rate: 0.000100
Training time - 116s - loss 0.0016
Validation:
40s - loss 0.0011

Epoch 63/100
Learning rate: 0.000100
Training time - 116s - loss 0.0016
Validation:
40s - loss 0.0011

Epoch 64/100
Learning rate: 0.000100
Training time - 116s - loss 0.0016
Validation:
40s - loss 0.0011

Epoch 65/100
Learning rate: 0.000100
Training time - 116s - loss 0.0016
Validation:
40s - loss 0.0011

Epoch 66/100
Learning rate: 0.000100
Training time - 116s - loss 0.0015
Validation:
40s - loss 0.0011

Epoch 67/100
Learning rate: 0.000100
Training time - 117s - loss 0.0015
Validation:
40s - loss 0.0011

Epoch 68/100
Learning rate: 0.000100
Training time - 116s - loss 0.0015
Validation:
40s - loss 0.0011

Epoch 69/100
Learning rate: 0.000100
Training time - 116s - loss 0.0015
Validation:
40s - loss 0.0011

Epoch 70/100
Learning rate: 0.000100
Training time - 117s - loss 0.0015
Validation:
40s - loss 0.0011

Epoch 71/100
Learning rate: 0.000100
Training time - 117s - loss 0.0015
Validation:
40s - loss 0.0011

Epoch 72/100
Learning rate: 0.000100
Training time - 118s - loss 0.0015
Validation:
41s - loss 0.0011

Epoch 73/100
Learning rate: 0.000100
Training time - 117s - loss 0.0015
Validation:
40s - loss 0.0011

Epoch 74/100
Learning rate: 0.000100
Training time - 118s - loss 0.0015
Validation:
40s - loss 0.0011

Epoch 75/100
Learning rate: 0.000100
Training time - 118s - loss 0.0015
Validation:
41s - loss 0.0011

Epoch 76/100
Learning rate: 0.000100
Training time - 118s - loss 0.0015
Validation:
40s - loss 0.0011

Epoch 77/100
Learning rate: 0.000100
Training time - 118s - loss 0.0015
Validation:
40s - loss 0.0011

Epoch 78/100
Learning rate: 0.000100
Training time - 117s - loss 0.0015
Validation:
40s - loss 0.0011

Epoch 79/100
Learning rate: 0.000100
Training time - 116s - loss 0.0015
Validation:
40s - loss 0.0011

Epoch 80/100
Learning rate: 0.000100
Training time - 116s - loss 0.0015
Validation:
40s - loss 0.0011

Epoch 81/100
Learning rate: 0.000100
Training time - 116s - loss 0.0015
Validation:
40s - loss 0.0011

Epoch 82/100
Learning rate: 0.000100
Training time - 116s - loss 0.0015
Validation:
40s - loss 0.0011

Epoch 83/100
Learning rate: 0.000100
Training time - 116s - loss 0.0015
Validation:
40s - loss 0.0011

Epoch 84/100
Learning rate: 0.000100
Training time - 116s - loss 0.0015
Validation:
40s - loss 0.0011

Epoch 85/100
Learning rate: 0.000100
Training time - 116s - loss 0.0015
Validation:
40s - loss 0.0011

Epoch 86/100
Learning rate: 0.000100
Training time - 116s - loss 0.0014
Validation:
40s - loss 0.0011

Epoch 87/100
Learning rate: 0.000100
Training time - 116s - loss 0.0014
Validation:
40s - loss 0.0011

Epoch 88/100
Learning rate: 0.000100
Training time - 116s - loss 0.0014
Validation:
40s - loss 0.0011

Epoch 89/100
Learning rate: 0.000100
Training time - 116s - loss 0.0014
Validation:
40s - loss 0.0011

Epoch 90/100
Learning rate: 0.000100
Training time - 116s - loss 0.0014
Validation:
40s - loss 0.0011

Epoch 91/100
Learning rate: 0.000100
Training time - 116s - loss 0.0014
Validation:
40s - loss 0.0011

Epoch 92/100
Learning rate: 0.000100
Training time - 116s - loss 0.0014
Validation:
40s - loss 0.0011

Epoch 93/100
Learning rate: 0.000100
Training time - 117s - loss 0.0014
Validation:
40s - loss 0.0011

Epoch 94/100
Learning rate: 0.000100
Training time - 116s - loss 0.0014
Validation:
40s - loss 0.0011

Epoch 95/100
Learning rate: 0.000100
Training time - 116s - loss 0.0014
Validation:
40s - loss 0.0011

Epoch 96/100
Learning rate: 0.000100
Training time - 116s - loss 0.0014
Validation:
40s - loss 0.0011

Epoch 97/100
Learning rate: 0.000100
Training time - 116s - loss 0.0014
Validation:
40s - loss 0.0011

Epoch 98/100
Learning rate: 0.000100
Training time - 116s - loss 0.0014
Validation:
40s - loss 0.0011

Epoch 99/100
Learning rate: 0.000100
Training time - 123s - loss 0.0014
Validation:
40s - loss 0.0011

Epoch 100/100
Learning rate: 0.000100
Training time - 116s - loss 0.0014
Validation:
40s - loss 0.0011

Training completed.
RMSE (ICKy) = 0.0330
NLL (ICKy) = -1.7371
Final results:
Final RMSE (ICKy) = 0.0330 +/- 0.0000
Final NLL (ICKy) = -1.7371 +/- 0.0000
